{"numFailedTestSuites":0,"numFailedTests":0,"numPassedTestSuites":2,"numPassedTests":10,"numPendingTestSuites":0,"numPendingTests":0,"numRuntimeErrorTestSuites":0,"numTodoTests":0,"numTotalTestSuites":2,"numTotalTests":10,"openHandles":[],"snapshot":{"added":0,"didUpdate":false,"failure":false,"filesAdded":0,"filesRemoved":0,"filesRemovedList":[],"filesUnmatched":0,"filesUpdated":0,"matched":0,"total":0,"unchecked":0,"uncheckedKeysByFile":[],"unmatched":0,"updated":0},"startTime":1767687845091,"success":true,"testResults":[{"assertionResults":[{"ancestorTitles":["newsApi (MSW integration)"],"duration":180,"failureDetails":[],"failureMessages":[],"fullName":"newsApi (MSW integration) fetchNews via network returns mapped data and respects page","invocations":1,"location":null,"numPassingAsserts":3,"retryReasons":[],"status":"passed","title":"fetchNews via network returns mapped data and respects page"},{"ancestorTitles":["newsApi (MSW integration)"],"duration":201,"failureDetails":[],"failureMessages":[],"fullName":"newsApi (MSW integration) fetchNews falls back to mock data on 500","invocations":1,"location":null,"numPassingAsserts":2,"retryReasons":[],"status":"passed","title":"fetchNews falls back to mock data on 500"},{"ancestorTitles":["newsApi (MSW integration)"],"duration":43,"failureDetails":[],"failureMessages":[],"fullName":"newsApi (MSW integration) searchNews returns mapped data from /everything","invocations":1,"location":null,"numPassingAsserts":3,"retryReasons":[],"status":"passed","title":"searchNews returns mapped data from /everything"},{"ancestorTitles":["newsApi (MSW integration)"],"duration":50,"failureDetails":[],"failureMessages":[],"fullName":"newsApi (MSW integration) searchNews returns [] when API returns 429","invocations":1,"location":null,"numPassingAsserts":1,"retryReasons":[],"status":"passed","title":"searchNews returns [] when API returns 429"}],"endTime":1767687850501,"message":"","name":"C:\\Users\\mpras\\personalized-dashboard 1 - Copy\\src\\__tests__\\services\\newsApi.msw.test.ts","startTime":1767687846996,"status":"passed","summary":""},{"assertionResults":[{"ancestorTitles":["Dashboard integration (user flows, persistence)"],"duration":333,"failureDetails":[],"failureMessages":[],"fullName":"Dashboard integration (user flows, persistence) loads with initial content and shows count","invocations":1,"location":null,"numPassingAsserts":1,"retryReasons":[],"status":"passed","title":"loads with initial content and shows count"},{"ancestorTitles":["Dashboard integration (user flows, persistence)"],"duration":1259,"failureDetails":[],"failureMessages":[],"fullName":"Dashboard integration (user flows, persistence) search filters results","invocations":1,"location":null,"numPassingAsserts":2,"retryReasons":[],"status":"passed","title":"search filters results"},{"ancestorTitles":["Dashboard integration (user flows, persistence)"],"duration":3384,"failureDetails":[],"failureMessages":[],"fullName":"Dashboard integration (user flows, persistence) can add to favorites and view favorites section and localStorage persists favorites","invocations":1,"location":null,"numPassingAsserts":7,"retryReasons":[],"status":"passed","title":"can add to favorites and view favorites section and localStorage persists favorites"},{"ancestorTitles":["Dashboard integration (user flows, persistence)"],"duration":3644,"failureDetails":[],"failureMessages":[],"fullName":"Dashboard integration (user flows, persistence) navigates between sections Home and Trending","invocations":1,"location":null,"numPassingAsserts":2,"retryReasons":[],"status":"passed","title":"navigates between sections Home and Trending"},{"ancestorTitles":["Dashboard integration (user flows, persistence)"],"duration":981,"failureDetails":[],"failureMessages":[],"fullName":"Dashboard integration (user flows, persistence) dark mode toggle updates document class and persists in localStorage","invocations":1,"location":null,"numPassingAsserts":4,"retryReasons":[],"status":"passed","title":"dark mode toggle updates document class and persists in localStorage"},{"ancestorTitles":["Dashboard integration (user flows, persistence)"],"duration":220,"failureDetails":[],"failureMessages":[],"fullName":"Dashboard integration (user flows, persistence) supports error boundary when localStorage has invalid favorites JSON (fallback shown)","invocations":1,"location":null,"numPassingAsserts":1,"retryReasons":[],"status":"passed","title":"supports error boundary when localStorage has invalid favorites JSON (fallback shown)"}],"endTime":1767687863288,"message":"","name":"C:\\Users\\mpras\\personalized-dashboard 1 - Copy\\src\\__tests__\\integration\\Dashboard.test.tsx","startTime":1767687850590,"status":"passed","summary":""}],"wasInterrupted":false}
